<?xml version="1.0" encoding="UTF-8"?>
<coverage generated="1673893611873" clover="3.2.0">
  <project timestamp="1673893611874" name="All files">
    <metrics statements="9" coveredstatements="9" conditionals="0" coveredconditionals="0" methods="2" coveredmethods="2" elements="11" coveredelements="11" complexity="0" loc="9" ncloc="9" packages="1" files="3" classes="3"/>
    <file name="users.controllers.ts" path="/Users/andresilva/Documents/Farfetch/repos/whitelabel-bff/src/routes/users/users.controllers.ts">
      <metrics statements="2" coveredstatements="2" conditionals="0" coveredconditionals="0" methods="1" coveredmethods="1"/>
      <line num="3" count="1" type="stmt"/>
      <line num="4" count="1" type="stmt"/>
    </file>
    <file name="users.routes.ts" path="/Users/andresilva/Documents/Farfetch/repos/whitelabel-bff/src/routes/users/users.routes.ts">
      <metrics statements="6" coveredstatements="6" conditionals="0" coveredconditionals="0" methods="1" coveredmethods="1"/>
      <line num="3" count="1" type="stmt"/>
      <line num="4" count="1" type="stmt"/>
      <line num="6" count="1" type="stmt"/>
      <line num="7" count="1" type="stmt"/>
      <line num="14" count="1" type="stmt"/>
      <line num="17" count="1" type="stmt"/>
    </file>
    <file name="users.schemas.ts" path="/Users/andresilva/Documents/Farfetch/repos/whitelabel-bff/src/routes/users/users.schemas.ts">
      <metrics statements="1" coveredstatements="1" conditionals="0" coveredconditionals="0" methods="0" coveredmethods="0"/>
      <line num="1" count="1" type="stmt"/>
    </file>
  </project>
</coverage>
