{"/Users/andresilva/Documents/Farfetch/repos/whitelabel-bff/src/routes/users/users.controllers.ts": {"path":"/Users/andresilva/Documents/Farfetch/repos/whitelabel-bff/src/routes/users/users.controllers.ts","statementMap":{"0":{"start":{"line":3,"column":41},"end":{"line":5,"column":1}},"1":{"start":{"line":4,"column":2},"end":{"line":4,"column":36}},"2":{"start":{"line":3,"column":13},"end":{"line":3,"column":41}}},"fnMap":{"0":{"name":"(anonymous_0)","decl":{"start":{"line":3,"column":41},"end":{"line":3,"column":42}},"loc":{"start":{"line":3,"column":54},"end":{"line":5,"column":1}}}},"branchMap":{},"s":{"0":1,"1":1,"2":1},"f":{"0":1},"b":{}}
,"/Users/andresilva/Documents/Farfetch/repos/whitelabel-bff/src/routes/users/users.routes.ts": {"path":"/Users/andresilva/Documents/Farfetch/repos/whitelabel-bff/src/routes/users/users.routes.ts","statementMap":{"0":{"start":{"line":3,"column":0},"end":{"line":3,"column":51}},"1":{"start":{"line":4,"column":0},"end":{"line":4,"column":43}},"2":{"start":{"line":6,"column":43},"end":{"line":15,"column":1}},"3":{"start":{"line":7,"column":2},"end":{"line":12,"column":5}},"4":{"start":{"line":14,"column":2},"end":{"line":14,"column":9}},"5":{"start":{"line":17,"column":0},"end":{"line":17,"column":27}}},"fnMap":{"0":{"name":"(anonymous_6)","decl":{"start":{"line":6,"column":43},"end":{"line":6,"column":44}},"loc":{"start":{"line":6,"column":66},"end":{"line":15,"column":1}}}},"branchMap":{},"s":{"0":1,"1":1,"2":1,"3":1,"4":1,"5":1},"f":{"0":1},"b":{}}
,"/Users/andresilva/Documents/Farfetch/repos/whitelabel-bff/src/routes/users/users.schemas.ts": {"path":"/Users/andresilva/Documents/Farfetch/repos/whitelabel-bff/src/routes/users/users.schemas.ts","statementMap":{"0":{"start":{"line":1,"column":13},"end":{"line":7,"column":2}}},"fnMap":{},"branchMap":{},"s":{"0":1},"f":{},"b":{}}
}
